Determining if the Q_WS_WIN exist failed with the following output:
Change Dir: /home/gamusino/robocomp/components/bitalino/CMakeFiles/CMakeTmp

Run Build Command:"/usr/bin/make" "cmTC_12b22/fast"
/usr/bin/make -f CMakeFiles/cmTC_12b22.dir/build.make CMakeFiles/cmTC_12b22.dir/build
make[1]: se entra en el directorio '/home/gamusino/robocomp/components/bitalino/CMakeFiles/CMakeTmp'
Building CXX object CMakeFiles/cmTC_12b22.dir/CheckSymbolExists.cxx.o
/usr/bin/c++    -I/usr/include/qt4   -o CMakeFiles/cmTC_12b22.dir/CheckSymbolExists.cxx.o -c /home/gamusino/robocomp/components/bitalino/CMakeFiles/CMakeTmp/CheckSymbolExists.cxx
/home/gamusino/robocomp/components/bitalino/CMakeFiles/CMakeTmp/CheckSymbolExists.cxx: In function ‘int main(int, char**)’:
/home/gamusino/robocomp/components/bitalino/CMakeFiles/CMakeTmp/CheckSymbolExists.cxx:8:19: error: ‘Q_WS_WIN’ was not declared in this scope
   return ((int*)(&Q_WS_WIN))[argc];
                   ^
CMakeFiles/cmTC_12b22.dir/build.make:65: fallo en las instrucciones para el objetivo 'CMakeFiles/cmTC_12b22.dir/CheckSymbolExists.cxx.o'
make[1]: *** [CMakeFiles/cmTC_12b22.dir/CheckSymbolExists.cxx.o] Error 1
make[1]: se sale del directorio '/home/gamusino/robocomp/components/bitalino/CMakeFiles/CMakeTmp'
Makefile:126: fallo en las instrucciones para el objetivo 'cmTC_12b22/fast'
make: *** [cmTC_12b22/fast] Error 2

File /home/gamusino/robocomp/components/bitalino/CMakeFiles/CMakeTmp/CheckSymbolExists.cxx:
/* */
#include <QtCore/qglobal.h>

int main(int argc, char** argv)
{
  (void)argv;
#ifndef Q_WS_WIN
  return ((int*)(&Q_WS_WIN))[argc];
#else
  (void)argc;
  return 0;
#endif
}

Determining if the Q_WS_QWS exist failed with the following output:
Change Dir: /home/gamusino/robocomp/components/bitalino/CMakeFiles/CMakeTmp

Run Build Command:"/usr/bin/make" "cmTC_61af6/fast"
/usr/bin/make -f CMakeFiles/cmTC_61af6.dir/build.make CMakeFiles/cmTC_61af6.dir/build
make[1]: se entra en el directorio '/home/gamusino/robocomp/components/bitalino/CMakeFiles/CMakeTmp'
Building CXX object CMakeFiles/cmTC_61af6.dir/CheckSymbolExists.cxx.o
/usr/bin/c++    -I/usr/include/qt4   -o CMakeFiles/cmTC_61af6.dir/CheckSymbolExists.cxx.o -c /home/gamusino/robocomp/components/bitalino/CMakeFiles/CMakeTmp/CheckSymbolExists.cxx
/home/gamusino/robocomp/components/bitalino/CMakeFiles/CMakeTmp/CheckSymbolExists.cxx: In function ‘int main(int, char**)’:
/home/gamusino/robocomp/components/bitalino/CMakeFiles/CMakeTmp/CheckSymbolExists.cxx:8:19: error: ‘Q_WS_QWS’ was not declared in this scope
   return ((int*)(&Q_WS_QWS))[argc];
                   ^
CMakeFiles/cmTC_61af6.dir/build.make:65: fallo en las instrucciones para el objetivo 'CMakeFiles/cmTC_61af6.dir/CheckSymbolExists.cxx.o'
make[1]: *** [CMakeFiles/cmTC_61af6.dir/CheckSymbolExists.cxx.o] Error 1
make[1]: se sale del directorio '/home/gamusino/robocomp/components/bitalino/CMakeFiles/CMakeTmp'
Makefile:126: fallo en las instrucciones para el objetivo 'cmTC_61af6/fast'
make: *** [cmTC_61af6/fast] Error 2

File /home/gamusino/robocomp/components/bitalino/CMakeFiles/CMakeTmp/CheckSymbolExists.cxx:
/* */
#include <QtCore/qglobal.h>

int main(int argc, char** argv)
{
  (void)argv;
#ifndef Q_WS_QWS
  return ((int*)(&Q_WS_QWS))[argc];
#else
  (void)argc;
  return 0;
#endif
}

Determining if the Q_WS_MAC exist failed with the following output:
Change Dir: /home/gamusino/robocomp/components/bitalino/CMakeFiles/CMakeTmp

Run Build Command:"/usr/bin/make" "cmTC_3f011/fast"
/usr/bin/make -f CMakeFiles/cmTC_3f011.dir/build.make CMakeFiles/cmTC_3f011.dir/build
make[1]: se entra en el directorio '/home/gamusino/robocomp/components/bitalino/CMakeFiles/CMakeTmp'
Building CXX object CMakeFiles/cmTC_3f011.dir/CheckSymbolExists.cxx.o
/usr/bin/c++    -I/usr/include/qt4   -o CMakeFiles/cmTC_3f011.dir/CheckSymbolExists.cxx.o -c /home/gamusino/robocomp/components/bitalino/CMakeFiles/CMakeTmp/CheckSymbolExists.cxx
/home/gamusino/robocomp/components/bitalino/CMakeFiles/CMakeTmp/CheckSymbolExists.cxx: In function ‘int main(int, char**)’:
/home/gamusino/robocomp/components/bitalino/CMakeFiles/CMakeTmp/CheckSymbolExists.cxx:8:19: error: ‘Q_WS_MAC’ was not declared in this scope
   return ((int*)(&Q_WS_MAC))[argc];
                   ^
CMakeFiles/cmTC_3f011.dir/build.make:65: fallo en las instrucciones para el objetivo 'CMakeFiles/cmTC_3f011.dir/CheckSymbolExists.cxx.o'
make[1]: *** [CMakeFiles/cmTC_3f011.dir/CheckSymbolExists.cxx.o] Error 1
make[1]: se sale del directorio '/home/gamusino/robocomp/components/bitalino/CMakeFiles/CMakeTmp'
Makefile:126: fallo en las instrucciones para el objetivo 'cmTC_3f011/fast'
make: *** [cmTC_3f011/fast] Error 2

File /home/gamusino/robocomp/components/bitalino/CMakeFiles/CMakeTmp/CheckSymbolExists.cxx:
/* */
#include <QtCore/qglobal.h>

int main(int argc, char** argv)
{
  (void)argv;
#ifndef Q_WS_MAC
  return ((int*)(&Q_WS_MAC))[argc];
#else
  (void)argc;
  return 0;
#endif
}

